Determining if the pthread_create exist failed with the following output:
Change Dir: /home/yorel/Documents/AlfaCollege/Jaar3/MakeMake/framework_yorel/build/CMakeFiles/CMakeTmp

Run Build Command:/usr/bin/make "cmTryCompileExec49050576/fast"
/usr/bin/make -f CMakeFiles/cmTryCompileExec49050576.dir/build.make CMakeFiles/cmTryCompileExec49050576.dir/build
make[1]: Entering directory `/home/yorel/Documents/AlfaCollege/Jaar3/MakeMake/framework_yorel/build/CMakeFiles/CMakeTmp'
/usr/bin/cmake -E cmake_progress_report /home/yorel/Documents/AlfaCollege/Jaar3/MakeMake/framework_yorel/build/CMakeFiles/CMakeTmp/CMakeFiles 1
Building C object CMakeFiles/cmTryCompileExec49050576.dir/CheckSymbolExists.c.o
/usr/bin/cc    -o CMakeFiles/cmTryCompileExec49050576.dir/CheckSymbolExists.c.o   -c /home/yorel/Documents/AlfaCollege/Jaar3/MakeMake/framework_yorel/build/CMakeFiles/CMakeTmp/CheckSymbolExists.c
Linking C executable cmTryCompileExec49050576
/usr/bin/cmake -E cmake_link_script CMakeFiles/cmTryCompileExec49050576.dir/link.txt --verbose=1
/usr/bin/cc       CMakeFiles/cmTryCompileExec49050576.dir/CheckSymbolExists.c.o  -o cmTryCompileExec49050576 -rdynamic 
CMakeFiles/cmTryCompileExec49050576.dir/CheckSymbolExists.c.o: In function `main':
CheckSymbolExists.c:(.text+0x16): undefined reference to `pthread_create'
collect2: error: ld returned 1 exit status
make[1]: *** [cmTryCompileExec49050576] Error 1
make[1]: Leaving directory `/home/yorel/Documents/AlfaCollege/Jaar3/MakeMake/framework_yorel/build/CMakeFiles/CMakeTmp'
make: *** [cmTryCompileExec49050576/fast] Error 2

File /home/yorel/Documents/AlfaCollege/Jaar3/MakeMake/framework_yorel/build/CMakeFiles/CMakeTmp/CheckSymbolExists.c:
/* */
#include <pthread.h>

int main(int argc, char** argv)
{
  (void)argv;
#ifndef pthread_create
  return ((int*)(&pthread_create))[argc];
#else
  (void)argc;
  return 0;
#endif
}

Determining if the function pthread_create exists in the pthreads failed with the following output:
Change Dir: /home/yorel/Documents/AlfaCollege/Jaar3/MakeMake/framework_yorel/build/CMakeFiles/CMakeTmp

Run Build Command:/usr/bin/make "cmTryCompileExec2495417063/fast"
/usr/bin/make -f CMakeFiles/cmTryCompileExec2495417063.dir/build.make CMakeFiles/cmTryCompileExec2495417063.dir/build
make[1]: Entering directory `/home/yorel/Documents/AlfaCollege/Jaar3/MakeMake/framework_yorel/build/CMakeFiles/CMakeTmp'
/usr/bin/cmake -E cmake_progress_report /home/yorel/Documents/AlfaCollege/Jaar3/MakeMake/framework_yorel/build/CMakeFiles/CMakeTmp/CMakeFiles 1
Building C object CMakeFiles/cmTryCompileExec2495417063.dir/CheckFunctionExists.c.o
/usr/bin/cc   -DCHECK_FUNCTION_EXISTS=pthread_create   -o CMakeFiles/cmTryCompileExec2495417063.dir/CheckFunctionExists.c.o   -c /usr/share/cmake-2.8/Modules/CheckFunctionExists.c
Linking C executable cmTryCompileExec2495417063
/usr/bin/cmake -E cmake_link_script CMakeFiles/cmTryCompileExec2495417063.dir/link.txt --verbose=1
/usr/bin/cc   -DCHECK_FUNCTION_EXISTS=pthread_create    CMakeFiles/cmTryCompileExec2495417063.dir/CheckFunctionExists.c.o  -o cmTryCompileExec2495417063 -rdynamic -lpthreads 
/usr/bin/ld: cannot find -lpthreads
collect2: error: ld returned 1 exit status
make[1]: *** [cmTryCompileExec2495417063] Error 1
make[1]: Leaving directory `/home/yorel/Documents/AlfaCollege/Jaar3/MakeMake/framework_yorel/build/CMakeFiles/CMakeTmp'
make: *** [cmTryCompileExec2495417063/fast] Error 2


Determining if the function glXGetProcAddressEXT exists failed with the following output:
Change Dir: /home/yorel/Documents/AlfaCollege/Jaar3/MakeMake/framework_yorel/build/CMakeFiles/CMakeTmp

Run Build Command:/usr/bin/make "cmTryCompileExec3970188037/fast"
/usr/bin/make -f CMakeFiles/cmTryCompileExec3970188037.dir/build.make CMakeFiles/cmTryCompileExec3970188037.dir/build
make[1]: Entering directory `/home/yorel/Documents/AlfaCollege/Jaar3/MakeMake/framework_yorel/build/CMakeFiles/CMakeTmp'
/usr/bin/cmake -E cmake_progress_report /home/yorel/Documents/AlfaCollege/Jaar3/MakeMake/framework_yorel/build/CMakeFiles/CMakeTmp/CMakeFiles 1
Building C object CMakeFiles/cmTryCompileExec3970188037.dir/CheckFunctionExists.c.o
/usr/bin/cc   -DCHECK_FUNCTION_EXISTS=glXGetProcAddressEXT   -o CMakeFiles/cmTryCompileExec3970188037.dir/CheckFunctionExists.c.o   -c /usr/share/cmake-2.8/Modules/CheckFunctionExists.c
Linking C executable cmTryCompileExec3970188037
/usr/bin/cmake -E cmake_link_script CMakeFiles/cmTryCompileExec3970188037.dir/link.txt --verbose=1
/usr/bin/cc   -DCHECK_FUNCTION_EXISTS=glXGetProcAddressEXT    CMakeFiles/cmTryCompileExec3970188037.dir/CheckFunctionExists.c.o  -o cmTryCompileExec3970188037 -rdynamic -lGL 
CMakeFiles/cmTryCompileExec3970188037.dir/CheckFunctionExists.c.o: In function `main':
CheckFunctionExists.c:(.text+0x15): undefined reference to `glXGetProcAddressEXT'
collect2: error: ld returned 1 exit status
make[1]: *** [cmTryCompileExec3970188037] Error 1
make[1]: Leaving directory `/home/yorel/Documents/AlfaCollege/Jaar3/MakeMake/framework_yorel/build/CMakeFiles/CMakeTmp'
make: *** [cmTryCompileExec3970188037/fast] Error 2


